C:\USERS\JAAK KõUSAAR\DROPBOX\REPO\VLSI CAD\ASSIGNMENT1\ASSIGNMENT1\DEBUG\CUBE.OBJ
C:\USERS\JAAK KõUSAAR\DROPBOX\REPO\VLSI CAD\ASSIGNMENT1\ASSIGNMENT1\DEBUG\MAIN.OBJ
C:\USERS\JAAK KÕUSAAR\DROPBOX\REPO\VLSI CAD\ASSIGNMENT1\ASSIGNMENT1\DEBUG\VC110.PDB
C:\USERS\JAAK KõUSAAR\DROPBOX\REPO\VLSI CAD\ASSIGNMENT1\ASSIGNMENT1\DEBUG\CUBELIST.OBJ
C:\USERS\JAAK KõUSAAR\DROPBOX\REPO\VLSI CAD\ASSIGNMENT1\ASSIGNMENT1\DEBUG\DATAEXTRACTOR.OBJ
C:\USERS\JAAK KõUSAAR\DROPBOX\REPO\VLSI CAD\ASSIGNMENT1\DEBUG\ASSIGNMENT1.ILK
C:\USERS\JAAK KõUSAAR\DROPBOX\REPO\VLSI CAD\ASSIGNMENT1\DEBUG\ASSIGNMENT1.EXE
C:\USERS\JAAK KÕUSAAR\DROPBOX\REPO\VLSI CAD\ASSIGNMENT1\DEBUG\ASSIGNMENT1.PDB
C:\Users\Jaak Kõusaar\Dropbox\Repo\VLSI CAD\Assignment1\Assignment1\Debug\Cube.obj
C:\Users\Jaak Kõusaar\Dropbox\Repo\VLSI CAD\Assignment1\Assignment1\Debug\CubeList.obj
C:\Users\Jaak Kõusaar\Dropbox\Repo\VLSI CAD\Assignment1\Assignment1\Debug\DataExtractor.obj
C:\Users\Jaak Kõusaar\Dropbox\Repo\VLSI CAD\Assignment1\Assignment1\Debug\main.obj
C:\Users\Jaak Kõusaar\Dropbox\Repo\VLSI CAD\Assignment1\Assignment1\Debug\cl.command.1.tlog
C:\Users\Jaak Kõusaar\Dropbox\Repo\VLSI CAD\Assignment1\Assignment1\Debug\CL.read.1.tlog
C:\Users\Jaak Kõusaar\Dropbox\Repo\VLSI CAD\Assignment1\Assignment1\Debug\CL.write.1.tlog
C:\Users\Jaak Kõusaar\Dropbox\Repo\VLSI CAD\Assignment1\Assignment1\Debug\link-cvtres.read.1.tlog
C:\Users\Jaak Kõusaar\Dropbox\Repo\VLSI CAD\Assignment1\Assignment1\Debug\link-cvtres.write.1.tlog
C:\Users\Jaak Kõusaar\Dropbox\Repo\VLSI CAD\Assignment1\Assignment1\Debug\link-rc.read.1.tlog
C:\Users\Jaak Kõusaar\Dropbox\Repo\VLSI CAD\Assignment1\Assignment1\Debug\link-rc.write.1.tlog
C:\Users\Jaak Kõusaar\Dropbox\Repo\VLSI CAD\Assignment1\Assignment1\Debug\link.13272-cvtres.read.1.tlog
C:\Users\Jaak Kõusaar\Dropbox\Repo\VLSI CAD\Assignment1\Assignment1\Debug\link.13272-cvtres.write.1.tlog
C:\Users\Jaak Kõusaar\Dropbox\Repo\VLSI CAD\Assignment1\Assignment1\Debug\link.13272-rc.read.1.tlog
C:\Users\Jaak Kõusaar\Dropbox\Repo\VLSI CAD\Assignment1\Assignment1\Debug\link.13272-rc.write.1.tlog
C:\Users\Jaak Kõusaar\Dropbox\Repo\VLSI CAD\Assignment1\Assignment1\Debug\link.13272.read.1.tlog
C:\Users\Jaak Kõusaar\Dropbox\Repo\VLSI CAD\Assignment1\Assignment1\Debug\link.13272.write.1.tlog
C:\Users\Jaak Kõusaar\Dropbox\Repo\VLSI CAD\Assignment1\Assignment1\Debug\link.15152-cvtres.read.1.tlog
C:\Users\Jaak Kõusaar\Dropbox\Repo\VLSI CAD\Assignment1\Assignment1\Debug\link.15152-cvtres.write.1.tlog
C:\Users\Jaak Kõusaar\Dropbox\Repo\VLSI CAD\Assignment1\Assignment1\Debug\link.15152-rc.read.1.tlog
C:\Users\Jaak Kõusaar\Dropbox\Repo\VLSI CAD\Assignment1\Assignment1\Debug\link.15152-rc.write.1.tlog
C:\Users\Jaak Kõusaar\Dropbox\Repo\VLSI CAD\Assignment1\Assignment1\Debug\link.15152.read.1.tlog
C:\Users\Jaak Kõusaar\Dropbox\Repo\VLSI CAD\Assignment1\Assignment1\Debug\link.15152.write.1.tlog
C:\Users\Jaak Kõusaar\Dropbox\Repo\VLSI CAD\Assignment1\Assignment1\Debug\link.17344-cvtres.read.1.tlog
C:\Users\Jaak Kõusaar\Dropbox\Repo\VLSI CAD\Assignment1\Assignment1\Debug\link.17344-cvtres.write.1.tlog
C:\Users\Jaak Kõusaar\Dropbox\Repo\VLSI CAD\Assignment1\Assignment1\Debug\link.17344-rc.read.1.tlog
C:\Users\Jaak Kõusaar\Dropbox\Repo\VLSI CAD\Assignment1\Assignment1\Debug\link.17344-rc.write.1.tlog
C:\Users\Jaak Kõusaar\Dropbox\Repo\VLSI CAD\Assignment1\Assignment1\Debug\link.17344.read.1.tlog
C:\Users\Jaak Kõusaar\Dropbox\Repo\VLSI CAD\Assignment1\Assignment1\Debug\link.17344.write.1.tlog
C:\Users\Jaak Kõusaar\Dropbox\Repo\VLSI CAD\Assignment1\Assignment1\Debug\link.17492-cvtres.read.1.tlog
C:\Users\Jaak Kõusaar\Dropbox\Repo\VLSI CAD\Assignment1\Assignment1\Debug\link.17492-cvtres.write.1.tlog
C:\Users\Jaak Kõusaar\Dropbox\Repo\VLSI CAD\Assignment1\Assignment1\Debug\link.17492-rc.read.1.tlog
C:\Users\Jaak Kõusaar\Dropbox\Repo\VLSI CAD\Assignment1\Assignment1\Debug\link.17492-rc.write.1.tlog
C:\Users\Jaak Kõusaar\Dropbox\Repo\VLSI CAD\Assignment1\Assignment1\Debug\link.17492.read.1.tlog
C:\Users\Jaak Kõusaar\Dropbox\Repo\VLSI CAD\Assignment1\Assignment1\Debug\link.17492.write.1.tlog
C:\Users\Jaak Kõusaar\Dropbox\Repo\VLSI CAD\Assignment1\Assignment1\Debug\link.command.1.tlog
C:\Users\Jaak Kõusaar\Dropbox\Repo\VLSI CAD\Assignment1\Assignment1\Debug\link.read.1.tlog
C:\Users\Jaak Kõusaar\Dropbox\Repo\VLSI CAD\Assignment1\Assignment1\Debug\link.write.1.tlog
C:\Users\Jaak Kõusaar\Dropbox\Repo\VLSI CAD\Assignment1\Assignment1\Debug\vc110.idb
C:\Users\Jaak Kõusaar\Dropbox\Repo\VLSI CAD\Assignment1\Assignment1\Debug\vc110.pdb
C:\Users\Jaak Kõusaar\Dropbox\Repo\VLSI CAD\Assignment1\Debug\Assignment1.pdb
C:\Users\Jaak Kõusaar\Dropbox\Repo\VLSI CAD\Assignment1\Debug\Assignment1.exe
C:\Users\Jaak Kõusaar\Dropbox\Repo\VLSI CAD\Assignment1\Debug\Assignment1.ilk
